1669645597215	geckodriver	INFO	Listening on 127.0.0.1:58788
1669645600305	mozrunner::runner	INFO	Running command: "C:\\Program Files\\Mozilla Firefox\\firefox.exe" "--marionette" "-foreground" "-no-remote" "-profile" "C:\\Users\\drago\\AppData\\Local\\Temp\\rust_mozprofileycau3V"
JavaScript error: resource://gre/modules/XULStore.jsm, line 66: Error: Can't find profile directory.
console.error: SearchCache: "_readCacheFile: Error reading cache file:" (new Error("", "(unknown module)"))
1669645602605	Marionette	INFO	Listening on port 58796
1669645602949	Marionette	WARN	TLS certificate errors will be ignored for this session
1669645604278	Marionette	INFO	Stopped listening on port 58796
console.warn: services.settings: main/whats-new-panel sync interrupted by shutdown

###!!! [Child][MessageChannel::SendAndWait] Error: Channel error: cannot send/recv

1669645605163	geckodriver	INFO	Listening on 127.0.0.1:58854
1669645608225	mozrunner::runner	INFO	Running command: "C:\\Program Files\\Mozilla Firefox\\firefox.exe" "--marionette" "-foreground" "-no-remote" "-profile" "C:\\Users\\drago\\AppData\\Local\\Temp\\rust_mozprofileVNuTM8"
console.error: SearchCache: "_readCacheFile: Error reading cache file:" (new Error("", "(unknown module)"))
JavaScript error: resource://gre/modules/XULStore.jsm, line 66: Error: Can't find profile directory.
1669645609456	Marionette	INFO	Listening on port 58862
1669645609748	Marionette	WARN	TLS certificate errors will be ignored for this session
1669645611034	Marionette	INFO	Stopped listening on port 58862
console.error: services.settings: 
  main/whats-new-panel Signature failed  TypeError: NetworkError when attempting to fetch resource.

###!!! [Child][RunMessage] Error: Channel closing: too late to send/recv, messages will be lost


###!!! [Child][MessageChannel::SendAndWait] Error: Channel error: cannot send/recv

1669645833035	geckodriver	INFO	Listening on 127.0.0.1:58948
1669645836082	mozrunner::runner	INFO	Running command: "C:\\Program Files\\Mozilla Firefox\\firefox.exe" "--marionette" "-foreground" "-no-remote" "-profile" "C:\\Users\\drago\\AppData\\Local\\Temp\\rust_mozprofileCFa0XH"
console.error: SearchCache: "_readCacheFile: Error reading cache file:" (new Error("", "(unknown module)"))
JavaScript error: resource://gre/modules/XULStore.jsm, line 66: Error: Can't find profile directory.
1669645837367	Marionette	INFO	Listening on port 58958
1669645837885	Marionette	WARN	TLS certificate errors will be ignored for this session
1669645839282	Marionette	INFO	Stopped listening on port 58958

###!!! [Child][RunMessage] Error: Channel closing: too late to send/recv, messages will be lost


###!!! [Child][MessageChannel::SendAndWait] Error: Channel error: cannot send/recv

1669646151781	geckodriver	INFO	Listening on 127.0.0.1:58988
1669646154845	mozrunner::runner	INFO	Running command: "C:\\Program Files\\Mozilla Firefox\\firefox.exe" "--marionette" "-foreground" "-no-remote" "-profile" "C:\\Users\\drago\\AppData\\Local\\Temp\\rust_mozprofileQRnJPT"
JavaScript error: resource://gre/modules/XULStore.jsm, line 66: Error: Can't find profile directory.
console.error: SearchCache: "_readCacheFile: Error reading cache file:" (new Error("", "(unknown module)"))
1669646156901	Marionette	INFO	Listening on port 58996
1669646156998	Marionette	WARN	TLS certificate errors will be ignored for this session
1669646158346	Marionette	INFO	Stopped listening on port 58996

###!!! [Child][MessageChannel::SendAndWait] Error: Channel error: cannot send/recv

1669646170140	geckodriver	INFO	Listening on 127.0.0.1:59056
1669646173213	mozrunner::runner	INFO	Running command: "C:\\Program Files\\Mozilla Firefox\\firefox.exe" "--marionette" "-foreground" "-no-remote" "-profile" "C:\\Users\\drago\\AppData\\Local\\Temp\\rust_mozprofileOsBKHG"
console.error: SearchCache: "_readCacheFile: Error reading cache file:" (new Error("", "(unknown module)"))
JavaScript error: resource://gre/modules/XULStore.jsm, line 66: Error: Can't find profile directory.
1669646174486	Marionette	INFO	Listening on port 59066
1669646175006	Marionette	WARN	TLS certificate errors will be ignored for this session
1669646176269	Marionette	INFO	Stopped listening on port 59066

###!!! [Child][RunMessage] Error: Channel closing: too late to send/recv, messages will be lost


###!!! [Child][MessageChannel::SendAndWait] Error: Channel error: cannot send/recv

1669646197283	geckodriver	INFO	Listening on 127.0.0.1:59122
1669646200334	mozrunner::runner	INFO	Running command: "C:\\Program Files\\Mozilla Firefox\\firefox.exe" "--marionette" "-foreground" "-no-remote" "-profile" "C:\\Users\\drago\\AppData\\Local\\Temp\\rust_mozprofileUPxGzo"
console.error: SearchCache: "_readCacheFile: Error reading cache file:" (new Error("", "(unknown module)"))
JavaScript error: resource://gre/modules/XULStore.jsm, line 66: Error: Can't find profile directory.
1669646201614	Marionette	INFO	Listening on port 59130
1669646201868	Marionette	WARN	TLS certificate errors will be ignored for this session
JavaScript error: https://drujba.compari.ro/active/39-39-p46942144/ line 425 > injectedScript, line 3: SyntaxError: Document.querySelector: 'div#description img:not(div#description div.gallery img):not(table.product-properties img)' is not a valid selector
JavaScript error: , line 0: TypeError: NetworkError when attempting to fetch resource.
JavaScript error: , line 0: TypeError: NetworkError when attempting to fetch resource.
1669646232119	Marionette	INFO	Stopped listening on port 59130

###!!! [Child][RunMessage] Error: Channel closing: too late to send/recv, messages will be lost


###!!! [Child][MessageChannel::SendAndWait] Error: Channel error: cannot send/recv

1669646346641	geckodriver	INFO	Listening on 127.0.0.1:59315
1669646349686	mozrunner::runner	INFO	Running command: "C:\\Program Files\\Mozilla Firefox\\firefox.exe" "--marionette" "-foreground" "-no-remote" "-profile" "C:\\Users\\drago\\AppData\\Local\\Temp\\rust_mozprofileGRfxWp"
console.error: SearchCache: "_readCacheFile: Error reading cache file:" (new Error("", "(unknown module)"))
JavaScript error: resource://gre/modules/XULStore.jsm, line 66: Error: Can't find profile directory.
1669646350984	Marionette	INFO	Listening on port 59324
1669646351214	Marionette	WARN	TLS certificate errors will be ignored for this session
JavaScript error: https://drujba.compari.ro/active/39-39-p46942144/ line 425 > injectedScript, line 3: SyntaxError: Document.querySelector: 'div#description img:not(div#description div.gallery img):not(table.product-properties img)' is not a valid selector
JavaScript error: , line 0: TypeError: NetworkError when attempting to fetch resource.
JavaScript error: , line 0: TypeError: NetworkError when attempting to fetch resource.
1669646903671	Marionette	INFO	Stopped listening on port 59324

###!!! [Child][RunMessage] Error: Channel closing: too late to send/recv, messages will be lost


###!!! [Child][MessageChannel::SendAndWait] Error: Channel error: cannot send/recv

es/XULStore.jsm, line 66: Error: Can't find profile directory.
1669646507133	Marionette	INFO	Listening on port 59520
1669646507312	Marionette	WARN	TLS certificate errors will be ignored for this session
JavaScript error: https://www.compari.ro/telefoane-mobile-c3277/apple/iphone-13-128gb-p706181766/ line 425 > injectedScript, line 3: SyntaxError: Document.querySelector: 'div#description img:not(div#description div.gallery img):not(table.product-properties img)' is not a valid selector
JavaScript error: , line 0: TypeError: NetworkError when attempting to fetch resource.
JavaScript error: , line 0: TypeError: NetworkError when attempting to fetch resource.

###!!! [Child][RunMessage] Error: Channel closing: too late to send/recv, messages will be lost

1669646903565	Marionette	INFO	Stopped listening on port 59520

###!!! [Child][RunMessage] Error: Channel closing: too late to send/recv, messages will be lost


###!!! [Child][MessageChannel::SendAndWait] Error: Channel error: cannot send/recv

ng on port 59656
1669646562248	Marionette	WARN	TLS certificate errors will be ignored for this session
JavaScript error: https://www.compari.ro/telefoane-mobile-c3277/apple/iphone-13-128gb-p706181766/ line 425 > injectedScript, line 3: SyntaxError: Document.querySelector: 'div#description img:not(div#description div.gallery img):not(table.product-properties img)' is not a valid selector
JavaScript error: , line 0: TypeError: NetworkError when attempting to fetch resource.
JavaScript error: , line 0: TypeError: NetworkError when attempting to fetch resource.
1669646903570	Marionette	INFO	Stopped listening on port 59656

###!!! [Child][RunMessage] Error: Channel closing: too late to send/recv, messages will be lost


###!!! [Child][MessageChannel::SendAndWait] Error: Channel error: cannot send/recv

Error reading cache file:" (new Error("", "(unknown module)"))
1669646724830	Marionette	INFO	Listening on port 59881
1669646724982	Marionette	WARN	TLS certificate errors will be ignored for this session
JavaScript error: https://www.compari.ro/telefoane-mobile-c3277/apple/iphone-13-128gb-p706181766/ line 425 > injectedScript, line 3: SyntaxError: Document.querySelector: 'div#description img:not(div#description div.gallery img):not(table.product-properties img)' is not a valid selector
JavaScript error: , line 0: TypeError: NetworkError when attempting to fetch resource.
JavaScript error: , line 0: TypeError: NetworkError when attempting to fetch resource.

###!!! [Child][RunMessage] Error: Channel closing: too late to send/recv, messages will be lost


###!!! [Child][RunMessage] Error: Channel closing: too late to send/recv, messages will be lost

1669646903759	Marionette	INFO	Stopped listening on port 59881

###!!! [Child][RunMessage] Error: Channel closing: too late to send/recv, messages will be lost


###!!! [Child][MessageChannel::SendAndWait] Error: Channel error: cannot send/recv

on
JavaScript error: https://www.compari.ro/telefoane-mobile-c3277/apple/iphone-13-128gb-p706181766/ line 425 > injectedScript, line 3: SyntaxError: Document.querySelector: 'div#description img:not(div#description div.gallery img):not(table.product-properties img)' is not a valid selector
JavaScript error: , line 0: TypeError: NetworkError when attempting to fetch resource.
JavaScript error: , line 0: TypeError: NetworkError when attempting to fetch resource.
1669646903745	Marionette	INFO	Stopped listening on port 60005

###!!! [Child][RunMessage] Error: Channel closing: too late to send/recv, messages will be lost


###!!! [Child][MessageChannel::SendAndWait] Error: Channel error: cannot send/recv

es/XULStore.jsm, line 66: Error: Can't find profile directory.
1669646792407	Marionette	INFO	Listening on port 60145
1669646792673	Marionette	WARN	TLS certificate errors will be ignored for this session
JavaScript error: https://www.compari.ro/telefoane-mobile-c3277/apple/iphone-13-128gb-p706181766/ line 425 > injectedScript, line 3: SyntaxError: Document.querySelector: 'div#description img:not(div#description div.gallery img):not(table.product-properties img)' is not a valid selector
JavaScript error: , line 0: TypeError: NetworkError when attempting to fetch resource.
JavaScript error: , line 0: TypeError: NetworkError when attempting to fetch resource.
1669646903776	Marionette	INFO	Stopped listening on port 60145

###!!! [Child][RunMessage] Error: Channel closing: too late to send/recv, messages will be lost


###!!! [Child][MessageChannel::SendAndWait] Error: Channel error: cannot send/recv

Error reading cache file:" (new Error("", "(unknown module)"))
1669646810276	Marionette	INFO	Listening on port 60261
1669646810380	Marionette	WARN	TLS certificate errors will be ignored for this session
JavaScript error: https://www.compari.ro/telefoane-mobile-c31669646815441	mozrunner::runner	INFO	Running command: "C:\\Program Files\\Mozilla Firefox\\firefox.exe" "--marionette" "-foreground" "-no-remote" "-profile" "C:\\Users\\drago\\AppData\\Local\\Temp\\rust_mozprofileHxJdUu"
consoleJavaScript error: , line 0: TypeError: NetworkError when attempting to fetch resource.
JavaScript error: , line 0: TypeError: NetworkError when attempting to fetch resource.
1669646903684	Marionette	INFO	Stopped listening on port 60261

###!!! [Child][RunMessage] Error: Channel closing: too late to send/recv, messages will be lost


###!!! [Child][MessageChannel::SendAndWait] Error: Channel error: cannot send/recv

8gb-p706181766/ line 425 > injectedScript, line 3: SyntaxError: Document.querySelector: 'div#description img:not(div#description div.gallery img):not(table.product-properties img)' is not a valid selector
JavaScript error: , line 0: TypeError: NetworkError when attempting to fetch resource.
JavaScript error: , line 0: TypeError: NetworkError when attempting to fetch resource.
1669646903619	Marionette	INFO	Stopped listening on port 60367

###!!! [Child][RunMessage] Error: Channel closing: too late to send/recv, messages will be lost


###!!! [Child][MessageChannel::SendAndWait] Error: Channel error: cannot send/recv

es/XULStore.jsm, line 66: Error: Can't find profile directory.
1669646889005	Marionette	INFO	Listening on port 60529
1669646889215	Marionette	WARN	TLS certificate errors will be ignored for this session
JavaScript error: https://www.compari.ro/telefoane-mobile-c31669646894239	mozrunner::runner	INFO	Running command: "C:\\Program Files\\Mozilla Firefox\\firefox.exe" "--marionette" "-foreground" "-no-remote" "-profile" "C:\\Users\\drago\\AppData\\Local\\Temp\\rust_mozprofileVdG7fA"
consoleJavaScript error: , line 0: TypeError: NetworkError when attempting to fetch resource.
JavaScript error: , line 0: TypeError: NetworkError when attempting to fetch resource.
[Child 30500, Chrome_ChildThread] WARNING: pipe error: 232: file /builds/worker/checkouts/gecko/ipc/chromium/src/chrome/common/ipc_channel_win.cc, line 524
1669646903836	Marionette	INFO	Stopped listening on port 60529

###!!! [Child][RunMessage] Error: Channel closing: too late to send/recv, messages will be lost


###!!! [Child][MessageChannel::SendAndWait] Error: Channel error: cannot send/recv

roduct-properties img)' is not a valid selector
JavaScript error: , line 0: TypeError: NetworkError when attempting to fetch resource.
JavaScript error: , line 0: TypeError: NetworkError when attempting to fetch resource.
1669646903804	Marionette	INFO	Stopped listening on port 60635

###!!! [Child][RunMessage] Error: Channel closing: too late to send/recv, messages will be lost


###!!! [Child][MessageChannel::SendAndWait] Error: Channel error: cannot send/recv

1669647467034	geckodriver	INFO	Listening on 127.0.0.1:61069
1669647470121	mozrunner::runner	INFO	Running command: "C:\\Program Files\\Mozilla Firefox\\firefox.exe" "--marionette" "-foreground" "-no-remote" "-profile" "C:\\Users\\drago\\AppData\\Local\\Temp\\rust_mozprofilerfQdUn"
console.error: SearchCache: "_readCacheFile: Error reading cache file:" (new Error("", "(unknown module)"))
JavaScript error: resource://gre/modules/XULStore.jsm, line 66: Error: Can't find profile directory.
1669647471403	Marionette	INFO	Listening on port 61079
1669647471655	Marionette	WARN	TLS certificate errors will be ignored for this session
JavaScript error: https://www.compari.ro/telefoane-mobile-c3277/apple/iphone-13-128gb-p706181766/ line 425 > injectedScript, line 3: SyntaxError: Document.querySelector: 'div#description img:not(div#description div.gallery img):not(table.product-properties img)' is not a valid selector
JavaScript error: , line 0: TypeError: NetworkError when attempting to fetch resource.
JavaScript error: , line 0: TypeError: NetworkError when attempting to fetch resource.
1669648183521	Marionette	INFO	Stopped listening on port 61079

###!!! [Child][RunMessage] Error: Channel closing: too late to send/recv, messages will be lost


###!!! [Child][MessageChannel::SendAndWait] Error: Channel error: cannot send/recv

es/XULStore.jsm, line 66: Error: Can't find profile directory.
1669647761062	Marionette	INFO	Listening on port 61354
1669647761349	Marionette	WARN	TLS certificate errors will be ignored for this session
JavaScript error: https://www.compari.ro/telefoane-mobile-c3277/apple/iphone-13-128gb-p706181766/ line 425 > injectedScript, line 3: SyntaxError: Document.querySelector: 'div#description img:not(div#description div.gallery img):not(table.product-properties img)' is not a valid selector
JavaScript error: , line 0: TypeError: NetworkError when attempting to fetch resource.
JavaScript error: , line 0: TypeError: NetworkError when attempting to fetch resource.
1669648183536	Marionette	INFO	Stopped listening on port 61354

###!!! [Child][RunMessage] Error: Channel closing: too late to send/recv, messages will be lost


###!!! [Child][MessageChannel::SendAndWait] Error: Channel error: cannot send/recv

es/XULStore.jsm, line 66: Error: Can't find profile directory.
1669647815457	Marionette	INFO	Listening on port 61493
1669647815908	Marionette	WARN	TLS certificate errors will be ignored for this session
JavaScript error: https://www.compari.ro/telefoane-mobile-c3277/apple/iphone-13-128gb-p706181766/ line 425 > injectedScript, line 3: SyntaxError: Document.querySelector: 'div#description img:not(div#description div.gallery img):not(table.product-properties img)' is not a valid selector
JavaScript error: , line 0: TypeError: NetworkError when attempting to fetch resource.
JavaScript error: , line 0: TypeError: NetworkError when attempting to fetch resource.
1669648183531	Marionette	INFO	Stopped listening on port 61493

###!!! [Child][RunMessage] Error: Channel closing: too late to send/recv, messages will be lost


###!!! [Child][MessageChannel::SendAndWait] Error: Channel error: cannot send/recv

es/XULStore.jsm, line 66: Error: Can't find profile directory.
1669647849490	Marionette	INFO	Listening on port 61621
1669647849766	Marionette	WARN	TLS certificate errors will be ignored for this session
JavaScript error: https://www.compari.ro/telefoane-mobile-c3277/apple/iphone-13-128gb-p706181766/ line 425 > injectedScript, line 3: SyntaxError: Document.querySelector: 'div#description img:not(div#description div.gallery img):not(table.product-properties img)' is not a valid selector
JavaScript error: , line 0: TypeError: NetworkError when attempting to fetch resource.
JavaScript error: , line 0: TypeError: NetworkError when attempting to fetch resource.
1669648183500	Marionette	INFO	Stopped listening on port 61621

###!!! [Child][RunMessage] Error: Channel closing: too late to send/recv, messages will be lost


###!!! [Child][MessageChannel::SendAndWait] Error: Channel error: cannot send/recv

es/XULStore.jsm, line 66: Error: Can't find profile directory.
1669647923976	Marionette	INFO	Listening on port 61778
1669647924174	Marionette	WARN	TLS certificate errors will be ignored for this session
JavaScript error: https://www.compari.ro/telefoane-mobile-c3277/apple/iphone-13-128gb-p706181766/ line 425 > injectedScript, line 3: SyntaxError: Document.querySelector: 'div#description img:not(div#description div.gallery img):not(table.product-properties img)' is not a valid selector
JavaScript error: , line 0: TypeError: NetworkError when attempting to fetch resource.
JavaScript error: , line 0: TypeError: NetworkError when attempting to fetch resource.
1669648183404	Marionette	INFO	Stopped listening on port 61778

###!!! [Child][RunMessage] Error: Channel closing: too late to send/recv, messages will be lost


###!!! [Child][MessageChannel::SendAndWait] Error: Channel error: cannot send/recv

es/XULStore.jsm, line 66: Error: Can't find profile directory.
1669647941158	Marionette	INFO	Listening on port 61893
1669647941403	Marionette	WARN	TLS certificate errors will be ignored for this session
JavaScript error: https://www.compari.ro/telefoane-mobile-c3277/apple/iphone-13-128gb-p706181766/ line 425 > injectedScript, line 3: SyntaxError: Document.querySelector: 'div#description img:not(div#description div.gallery img):not(table.product-properties img)' is not a valid selector
JavaScript error: , line 0: TypeError: NetworkError when attempting to fetch resource.
JavaScript error: , line 0: TypeError: NetworkError when attempting to fetch resource.
1669648183406	Marionette	INFO	Stopped listening on port 61893

###!!! [Child][RunMessage] Error: Channel closing: too late to send/recv, messages will be lost


###!!! [Child][MessageChannel::SendAndWait] Error: Channel error: cannot send/recv

es/XULStore.jsm, line 66: Error: Can't find profile directory.
1669648049989	Marionette	INFO	Listening on port 62091
1669648050208	Marionette	WARN	TLS certificate errors will be ignored for this session
JavaScript error: https://www.compari.ro/telefoane-mobile-c3277/apple/iphone-13-128gb-p706181766/ line 425 > injectedScript, line 3: SyntaxError: Document.querySelector: 'div#description img:not(div#description div.gallery img):not(table.product-properties img)' is not a valid selector
JavaScript error: , line 0: TypeError: NetworkError when attempting to fetch resource.
JavaScript error: , line 0: TypeError: NetworkError when attempting to fetch resource.
1669648183528	Marionette	INFO	Stopped listening on port 62091

###!!! [Child][MessageChannel::SendAndWait] Error: Channel error: cannot send/recv

rror reading cache file:" (new Error("", "(unknown module)"))
JavaScript error: resource://gre/modules/XULStore.jsm, line 66: Error: Can't find profile directory.
1669648119345	Marionette	INFO	Listening on port 62248
1669648119586	Marionette	WARN	TLS certificate errors will be ignored for this session
JavaScript error: https://www.compari.ro/telefoane-mobile-c3277/apple/iphone-13-128gb-p706181766/ line 425 > injectedScript, line 3: SyntaxError: Document.querySelector: 'div#description img:not(div#description div.gallery img):not(table.product-properties img)' is not a valid selector
JavaScript error: , line 0: TypeError: NetworkError when attempting to fetch resource.
JavaScript error: , line 0: TypeError: NetworkError when attempting to fetch resource.
1669648183524	Marionette	INFO	Stopped listening on port 62248

###!!! [Child][RunMessage] Error: Channel closing: too late to send/recv, messages will be lost


###!!! [Child][MessageChannel::SendAndWait] Error: Channel error: cannot send/recv

es/XULStore.jsm, line 66: Error: Can't find profile directory.
1669648134528	Marionette	INFO	Listening on port 62365
1669648134833	Marionette	WARN	TLS certificate errors will be ignored for this session
JavaScript error: https://www.compari.ro/telefoane-mobile-c3277/apple/iphone-13-128gb-p706181766/ line 425 > injectedScript, line 3: SyntaxError: Document.querySelector: 'div#description img:not(div#description div.gallery img):not(table.product-properties img)' is not a valid selector
JavaScript error: , line 0: TypeError: NetworkError when attempting to fetch resource.
JavaScript error: , line 0: TypeError: NetworkError when attempting to fetch resource.

###!!! [Child][RunMessage] Error: Channel closing: too late to send/recv, messages will be lost

1669648183611	Marionette	INFO	Stopped listening on port 62365

###!!! [Child][RunMessage] Error: Channel closing: too late to send/recv, messages will be lost


###!!! [Child][MessageChannel::SendAndWait] Error: Channel error: cannot send/recv

ng on port 62492
1669648171810	Marionette	WARN	TLS certificate errors will be ignored for this session
1669648183549	Marionette	INFO	Stopped listening on port 62492

###!!! [Child][RunMessage] Error: Channel closing: too late to send/recv, messages will be lost


###!!! [Child][MessageChannel::SendAndWait] Error: Channel error: cannot send/recv

1669648185328	geckodriver	INFO	Listening on 127.0.0.1:62559
1669648188360	mozrunner::runner	INFO	Running command: "C:\\Program Files\\Mozilla Firefox\\firefox.exe" "--marionette" "-foreground" "-no-remote" "-profile" "C:\\Users\\drago\\AppData\\Local\\Temp\\rust_mozprofilenugJuq"
console.error: SearchCache: "_readCacheFile: Error reading cache file:" (new Error("", "(unknown module)"))
JavaScript error: resource://gre/modules/XULStore.jsm, line 66: Error: Can't find profile directory.
1669648189683	Marionette	INFO	Listening on port 62569
1669648190208	Marionette	WARN	TLS certificate errors will be ignored for this session
JavaScript error: https://www.compari.ro/telefoane-mobile-c3277/apple/iphone-13-128gb-p706181766/ line 425 > injectedScript, line 3: SyntaxError: Document.querySelector: 'div#description img:not(div#description div.gallery img):not(table.product-properties img)' is not a valid selector
JavaScript error: https://library.startquestion.com/current/startquestion.js, line 1: TypeError: t.data is null
JavaScript error: , line 0: TypeError: NetworkError when attempting to fetch resource.
JavaScript error: , line 0: TypeError: NetworkError when attempting to fetch resource.

###!!! [Child][RunMessage] Error: Channel closing: too late to send/recv, messages will be lost

1669648218893	Marionette	INFO	Stopped listening on port 62569

###!!! [Child][RunMessage] Error: Channel closing: too late to send/recv, messages will be lost


###!!! [Child][MessageChannel::SendAndWait] Error: Channel error: cannot send/recv

1669648523163	geckodriver	INFO	Listening on 127.0.0.1:62859
1669648526184	mozrunner::runner	INFO	Running command: "C:\\Program Files\\Mozilla Firefox\\firefox.exe" "--marionette" "-foreground" "-no-remote" "-profile" "C:\\Users\\drago\\AppData\\Local\\Temp\\rust_mozprofileCuCB3H"
console.error: SearchCache: "_readCacheFile: Error reading cache file:" (new Error("", "(unknown module)"))
JavaScript error: resource://gre/modules/XULStore.jsm, line 66: Error: Can't find profile directory.
1669648527471	Marionette	INFO	Listening on port 62871
1669648527719	Marionette	WARN	TLS certificate errors will be ignored for this session
JavaScript error: https://www.compari.ro/telefoane-mobile-c3277/apple/iphone-13-128gb-p706181766/ line 425 > injectedScript, line 3: SyntaxError: Document.querySelector: 'div#description img:not(div#description div.gallery img):not(table.product-properties img)' is not a valid selector
JavaScript error: , line 0: TypeError: NetworkError when attempting to fetch resource.
JavaScript error: , line 0: TypeError: NetworkError when attempting to fetch resource.
[Child 24152, Chrome_ChildThread] WARNING: pipe error: 232: file /builds/worker/checkouts/gecko/ipc/chromium/src/chrome/common/ipc_channel_win.cc, line 524
[Child 24152, Chrome_ChildThread] WARNING: pipe error: 232: file /builds/worker/checkouts/gecko/ipc/chromium/src/chrome/common/ipc_channel_win.cc, line 524
1669648700036	Marionette	INFO	Stopped listening on port 62871

###!!! [Child][RunMessage] Error: Channel closing: too late to send/recv, messages will be lost


###!!! [Child][MessageChannel::SendAndWait] Error: Channel error: cannot send/recv

 injectedScript, line 3: SyntaxError: Document.querySelector: 'div#description img:not(div#description div.gallery img):not(table.product-properties img)' is not a valid selector
JavaScript error: , line 0: TypeError: NetworkError when attempting to fetch resource.
JavaScript error: , line 0: TypeError: NetworkError when attempting to fetch resource.
1669648700129	Marionette	INFO	Stopped listening on port 63031

###!!! [Child][RunMessage] Error: Channel closing: too late to send/recv, messages will be lost


###!!! [Child][MessageChannel::SendAndWait] Error: Channel error: cannot send/recv

es/XULStore.jsm, line 66: Error: Can't find profile directory.
1669648653363	Marionette	INFO	Listening on port 63171
1669648653618	Marionette	WARN	TLS certificate errors will be ignored for this session
JavaScript error: https://www.compari.ro/telefoane-mobile-c3277/apple/iphone-13-128gb-p706181766/ line 425 > injectedScript, line 3: SyntaxError: Document.querySelector: 'div#description img:not(div#description div.gallery img):not(table.product-properties img)' is not a valid selector
JavaScript error: , line 0: TypeError: NetworkError when att1669648700975	mozrunner::runner	INFO	Running command: "C:\\Program Files\\Mozilla Firefox\\firefox.exe" "--marionette" "-foreground" "-no-remote" "-profile" "C:\\Users\\drago\\AppData\\Local\\Temp\\rust_mozprofileA3BBU8"
console.error: SearchCache: "_readCacheFile: Error reading cache file:" (new Error("", "(unknown module)"))
JavaScript error: resource://gre/modules/XULStore.jsm, line 66: Error: Can't find profile directory.
1669648702218	Marionette	INFO	Listening on port 63291
1669648702513	Marionette	WARN	TLS certificate errors will be ignored for this session
1669648706957	Marionette	INFO	Stopped listening on port 63291

###!!! [Child][RunMessage] Error: Channel closing: too late to send/recv, messages will be lost


###!!! [Child][MessageChannel::SendAndWait] Error: Channel error: cannot send/recv

1669648814058	geckodriver	INFO	Listening on 127.0.0.1:63416
1669648817122	mozrunner::runner	INFO	Running command: "C:\\Program Files\\Mozilla Firefox\\firefox.exe" "--marionette" "-foreground" "-no-remote" "-profile" "C:\\Users\\drago\\AppData\\Local\\Temp\\rust_mozprofilekD87wu"
console.error: SearchCache: "_readCacheFile: Error reading cache file:" (new Error("", "(unknown module)"))
JavaScript error: resource://gre/modules/XULStore.jsm, line 66: Error: Can't find profile directory.
1669648818410	Marionette	INFO	Listening on port 63427
1669648818896	Marionette	WARN	TLS certificate errors will be ignored for this session
1669648820317	Marionette	INFO	Stopped listening on port 63427

###!!! [Child][RunMessage] Error: Channel closing: too late to send/recv, messages will be lost


###!!! [Child][MessageChannel::SendAndWait] Error: Channel error: cannot send/recv

1669648826407	geckodriver	INFO	Listening on 127.0.0.1:63489
1669648829459	mozrunner::runner	INFO	Running command: "C:\\Program Files\\Mozilla Firefox\\firefox.exe" "--marionette" "-foreground" "-no-remote" "-profile" "C:\\Users\\drago\\AppData\\Local\\Temp\\rust_mozprofileY0bi3N"
console.error: SearchCache: "_readCacheFile: Error reading cache file:" (new Error("", "(unknown module)"))
JavaScript error: resource://gre/modules/XULStore.jsm, line 66: Error: Can't find profile directory.
1669648830679	Marionette	INFO	Listening on port 63499
1669648831206	Marionette	WARN	TLS certificate errors will be ignored for this session
1669648832626	Marionette	INFO	Stopped listening on port 63499

###!!! [Child][RunMessage] Error: Channel closing: too late to send/recv, messages will be lost


###!!! [Child][MessageChannel::SendAndWait] Error: Channel error: cannot send/recv

1669648835137	geckodriver	INFO	Listening on 127.0.0.1:63564
1669648838223	mozrunner::runner	INFO	Running command: "C:\\Program Files\\Mozilla Firefox\\firefox.exe" "--marionette" "-foreground" "-no-remote" "-profile" "C:\\Users\\drago\\AppData\\Local\\Temp\\rust_mozprofileZOcs1L"
console.error: SearchCache: "_readCacheFile: Error reading cache file:" (new Error("", "(unknown module)"))
JavaScript error: resource://gre/modules/XULStore.jsm, line 66: Error: Can't find profile directory.
1669648839523	Marionette	INFO	Listening on port 63574
1669648839758	Marionette	WARN	TLS certificate errors will be ignored for this session
1669648841256	Marionette	INFO	Stopped listening on port 63574

###!!! [Child][MessageChannel] Error: (msgtype=0x6B0029,name=PNecko::Msg_RemoveRequestContext) Channel closing: too late to send/recv, messages will be lost


###!!! [Child][RunMessage] Error: Channel closing: too late to send/recv, messages will be lost


###!!! [Child][MessageChannel::SendAndWait] Error: Channel error: cannot send/recv

1669648850424	geckodriver	INFO	Listening on 127.0.0.1:63640
1669648853488	mozrunner::runner	INFO	Running command: "C:\\Program Files\\Mozilla Firefox\\firefox.exe" "--marionette" "-foreground" "-no-remote" "-profile" "C:\\Users\\drago\\AppData\\Local\\Temp\\rust_mozprofileCZckBR"
console.error: SearchCache: "_readCacheFile: Error reading cache file:" (new Error("", "(unknown module)"))
JavaScript error: resource://gre/modules/XULStore.jsm, line 66: Error: Can't find profile directory.
1669648854823	Marionette	INFO	Listening on port 63652
1669648855025	Marionette	WARN	TLS certificate errors will be ignored for this session
1669648856477	Marionette	INFO	Stopped listening on port 63652

###!!! [Child][RunMessage] Error: Channel closing: too late to send/recv, messages will be lost


###!!! [Child][MessageChannel::SendAndWait] Error: Channel error: cannot send/recv

1669648956997	geckodriver	INFO	Listening on 127.0.0.1:63774
1669648960063	mozrunner::runner	INFO	Running command: "C:\\Program Files\\Mozilla Firefox\\firefox.exe" "--marionette" "-foreground" "-no-remote" "-profile" "C:\\Users\\drago\\AppData\\Local\\Temp\\rust_mozprofileB04c1A"
console.error: SearchCache: "_readCacheFile: Error reading cache file:" (new Error("", "(unknown module)"))
JavaScript error: resource://gre/modules/XULStore.jsm, line 66: Error: Can't find profile directory.
1669648961281	Marionette	INFO	Listening on port 63786
1669648961309	Marionette	WARN	TLS certificate errors will be ignored for this session
JavaScript error: https://www.compari.ro/telefoane-mobile-c3277/apple/iphone-13-128gb-p706181766/ line 425 > injectedScript, line 3: SyntaxError: Document.querySelector: 'div#description img:not(div#description div.gallery img):not(table.product-properties img)' is not a valid selector
1669683601465	Marionette	INFO	Stopped listening on port 63786

###!!! [Child][RunMessage] Error: Channel closing: too late to send/recv, messages will be lost


###!!! [Child][MessageChannel::SendAndWait] Error: Channel error: cannot send/recv

Temp\\rust_mozprofileLw4rff"
console.error: SearchCache: "_readCacheFile: Error reading cache file:" (new Error("", "(unknown module)"))
JavaScript error: resource://gre/modules/XULStore.jsm, line 66: Error: Can't find profile directory.
1669648976212	Marionette	INFO	Listening on port 63905
1669648976530	Marionette	WARN	TLS certificate errors will be ignored for this session
JavaScript error: https://www.compari.ro/telefoane-mobile-c3277/apple/iphone-13-128gb-p706181766/ line 425 > injectedScript, line 3: SyntaxError: Document.querySelector: 'div#description img:not(div#description div.gallery img):not(table.product-properties img)' is not a valid selector
1669683601336	Marionette	INFO	Stopped listening on port 63905

###!!! [Child][MessageChannel::SendAndWait] Error: Channel error: cannot send/recv

firefox.exe" "--marionette" "-foreground" "-no-remote" "-profile" "C:\\Users\\drago\\AppData\\Local\\Temp\\rust_mozprofile9mxx8g"
console.error: SearchCache: "_readCacheFile: Error reading cache file:" (new Error("", "(unknown module)"))
JavaScript error: resource://gre/modules/XULStore.jsm, line 66: Error: Can't find profile directory.
1669648989612	Marionette	INFO	Listening on port 64022
1669648989851	Marionette	WARN	TLS certificate errors will be ignored for this session
JavaScript error: https://www.compari.ro/telefoane-mobile-c3277/apple/iphone-13-128gb-p706181766/ line 425 > injectedScript, line 3: SyntaxError: Document.querySelector: 'div#description img:not(div#description div.gallery img):not(table.product-properties img)' is not a valid selector
1669683601367	Marionette	INFO	Stopped listening on port 64022

###!!! [Child][MessageChannel::SendAndWait] Error: Channel error: cannot send/recv

firefox.exe" "--marionette" "-foreground" "-no-remote" "-profile" "C:\\Users\\drago\\AppData\\Local\\Temp\\rust_mozprofilebuNBt8"
console.error: SearchCache: "_readCacheFile: Error reading cache file:" (new Error("", "(unknown module)"))
JavaScript error: resource://gre/modules/XULStore.jsm, line 66: Error: Can't find profile directory.
1669649012091	Marionette	INFO	Listening on port 64140
1669649012398	Marionette	WARN	TLS certificate errors will be ignored for this session
JavaScript error: https://www.compari.ro/telefoane-mobile-c3277/apple/iphone-13-128gb-p706181766/ line 425 > injectedScript, line 3: SyntaxError: Document.querySelector: 'div#description img:not(div#description div.gallery img):not(table.product-properties img)' is not a valid selector
1669683601361	Marionette	INFO	Stopped listening on port 64140

###!!! [Child][MessageChannel::SendAndWait] Error: Channel error: cannot send/recv

firefox.exe" "--marionette" "-foreground" "-no-remote" "-profile" "C:\\Users\\drago\\AppData\\Local\\Temp\\rust_mozprofileMKtbYJ"
console.error: SearchCache: "_readCacheFile: Error reading cache file:" (new Error("", "(unknown module)"))
JavaScript error: resource://gre/modules/XULStore.jsm, line 66: Error: Can't find profile directory.
1669649059605	Marionette	INFO	Listening on port 64281
1669649059909	Marionette	WARN	TLS certificate errors will be ignored for this session
JavaScript error: https://www.compari.ro/telefoane-mobile-c3277/apple/iphone-13-128gb-p706181766/ line 425 > injectedScript, line 3: SyntaxError: Document.querySelector: 'div#description img:not(div#description div.gallery img):not(table.product-properties img)' is not a valid selector
1669683601422	Marionette	INFO	Stopped listening on port 64281

###!!! [Child][MessageChannel::SendAndWait] Error: Channel error: cannot send/recv

firefox.exe" "--marionette" "-foreground" "-no-remote" "-profile" "C:\\Users\\drago\\AppData\\Local\\Temp\\rust_mozprofilezCttyp"
console.error: SearchCache: "_readCacheFile: Error reading cache file:" (new Error("", "(unknown module)"))
JavaScript error: resource://gre/modules/XULStore.jsm, line 66: Error: Can't find profile directory.
1669649173155	Marionette	INFO	Listening on port 64459
1669649173431	Marionette	WARN	TLS certificate errors will be ignored for this session
JavaScript error: https://www.compari.ro/telefoane-mobile-c3277/apple/iphone-13-128gb-p706181766/ line 425 > injectedScript, line 3: SyntaxError: Document.querySelector: 'div#description img:not(div#description div.gallery img):not(table.product-properties img)' is not a valid selector
1669683601374	Marionette	INFO	Stopped listening on port 64459

###!!! [Child][MessageChannel::SendAndWait] Error: Channel error: cannot send/recv

firefox.exe" "--marionette" "-foreground" "-no-remote" "-profile" "C:\\Users\\drago\\AppData\\Local\\Temp\\rust_mozprofileaHebvK"
console.error: SearchCache: "_readCacheFile: Error reading cache file:" (new Error("", "(unknown module)"))
JavaScript error: resource://gre/modules/XULStore.jsm, line 66: Error: Can't find profile directory.
1669649232335	Marionette	INFO	Listening on port 64607
1669649232633	Marionette	WARN	TLS certificate errors will be ignored for this session
1669649234254	Marionette	INFO	Stopped listening on port 64607

###!!! [Child][RunMessage] Error: Channel closing: too late to send/recv, messages will be lost


###!!! [Child][MessageChannel::SendAndWait] Error: Channel error: cannot send/recv

1669649284940	geckodriver	INFO	Listening on 127.0.0.1:64705
1669649287981	mozrunner::runner	INFO	Running command: "C:\\Program Files\\Mozilla Firefox\\firefox.exe" "--marionette" "-foreground" "-no-remote" "-profile" "C:\\Users\\drago\\AppData\\Local\\Temp\\rust_mozprofileIvUvW8"
console.error: SearchCache: "_readCacheFile: Error reading cache file:" (new Error("", "(unknown module)"))
JavaScript error: resource://gre/modules/XULStore.jsm, line 66: Error: Can't find profile directory.
1669649289180	Marionette	INFO	Listening on port 64716
1669649289512	Marionette	WARN	TLS certificate errors will be ignored for this session
1669649291433	Marionette	INFO	Stopped listening on port 64716
[Child 27612, Chrome_ChildThread] WARNING: pipe error: 232: file /builds/worker/checkouts/gecko/ipc/chromium/src/chrome/common/ipc_channel_win.cc, line 524
[Child 27612, Chrome_ChildThread] WARNING: pipe error: 232: file /builds/worker/checkouts/gecko/ipc/chromium/src/chrome/common/ipc_channel_win.cc, line 524

###!!! [Child][MessageChannel] Error: (msgtype=0x6B0029,name=PNecko::Msg_RemoveRequestContext) Channel closing: too late to send/recv, messages will be lost


###!!! [Child][MessageChannel::SendAndWait] Error: Channel error: cannot send/recv

1669649344786	geckodriver	INFO	Listening on 127.0.0.1:64804
1669649347858	mozrunner::runner	INFO	Running command: "C:\\Program Files\\Mozilla Firefox\\firefox.exe" "--marionette" "-foreground" "-no-remote" "-profile" "C:\\Users\\drago\\AppData\\Local\\Temp\\rust_mozprofileg8ZdC0"
console.error: SearchCache: "_readCacheFile: Error reading cache file:" (new Error("", "(unknown module)"))
JavaScript error: resource://gre/modules/XULStore.jsm, line 66: Error: Can't find profile directory.
1669649349084	Marionette	INFO	Listening on port 64814
1669649349684	Marionette	WARN	TLS certificate errors will be ignored for this session
JavaScript error: https://www.compari.ro/telefoane-mobile-c3277/apple/iphone-13-128gb-p706181766/ line 425 > injectedScript, line 3: SyntaxError: Document.querySelector: 'div#description img:not(div#description div.gallery img):not(table.product-properties img)' is not a valid selector
1669683601372	Marionette	INFO	Stopped listening on port 64814

###!!! [Child][MessageChannel::SendAndWait] Error: Channel error: cannot send/recv

firefox.exe" "--marionette" "-foreground" "-no-remote" "-profile" "C:\\Users\\drago\\AppData\\Local\\Temp\\rust_mozprofileZAHWvg"
console.error: SearchCache: "_readCacheFile: Error reading cache file:" (new Error("", "(unknown module)"))
JavaScript error: resource://gre/modules/XULStore.jsm, line 66: Error: Can't find profile directory.
1669649370294	Marionette	INFO	Listening on port 64936
1669649370299	Marionette	WARN	TLS certificate errors will be ignored for this session
1669649372179	Marionette	INFO	Stopped listening on port 64936

###!!! [Child][RunMessage] Error: Channel closing: too late to send/recv, messages will be lost


###!!! [Child][MessageChannel::SendAndWait] Error: Channel error: cannot send/recv

1669649393110	geckodriver	INFO	Listening on 127.0.0.1:65009
1669649396158	mozrunner::runner	INFO	Running command: "C:\\Program Files\\Mozilla Firefox\\firefox.exe" "--marionette" "-foreground" "-no-remote" "-profile" "C:\\Users\\drago\\AppData\\Local\\Temp\\rust_mozprofileMNPe1F"
console.error: SearchCache: "_readCacheFile: Error reading cache file:" (new Error("", "(unknown module)"))
JavaScript error: resource://gre/modules/XULStore.jsm, line 66: Error: Can't find profile directory.
1669649397441	Marionette	INFO	Listening on port 65018
1669649397689	Marionette	WARN	TLS certificate errors will be ignored for this session
1669649399713	Marionette	INFO	Stopped listening on port 65018

###!!! [Child][RunMessage] Error: Channel closing: too late to send/recv, messages will be lost


###!!! [Child][MessageChannel::SendAndWait] Error: Channel error: cannot send/recv

1669649464202	geckodriver	INFO	Listening on 127.0.0.1:65139
1669649467255	mozrunner::runner	INFO	Running command: "C:\\Program Files\\Mozilla Firefox\\firefox.exe" "--marionette" "-foreground" "-no-remote" "-profile" "C:\\Users\\drago\\AppData\\Local\\Temp\\rust_mozprofileFIkzFx"
console.error: SearchCache: "_readCacheFile: Error reading cache file:" (new Error("", "(unknown module)"))
JavaScript error: resource://gre/modules/XULStore.jsm, line 66: Error: Can't find profile directory.
1669649468500	Marionette	INFO	Listening on port 65148
1669649468787	Marionette	WARN	TLS certificate errors will be ignored for this session
1669649470747	Marionette	INFO	Stopped listening on port 65148

###!!! [Child][RunMessage] Error: Channel closing: too late to send/recv, messages will be lost


###!!! [Child][MessageChannel::SendAndWait] Error: Channel error: cannot send/recv

1669649525316	geckodriver	INFO	Listening on 127.0.0.1:65257
1669649528372	mozrunner::runner	INFO	Running command: "C:\\Program Files\\Mozilla Firefox\\firefox.exe" "--marionette" "-foreground" "-no-remote" "-profile" "C:\\Users\\drago\\AppData\\Local\\Temp\\rust_mozprofileqPxTHB"
console.error: SearchCache: "_readCacheFile: Error reading cache file:" (new Error("", "(unknown module)"))
JavaScript error: resource://gre/modules/XULStore.jsm, line 66: Error: Can't find profile directory.
1669649529594	Marionette	INFO	Listening on port 65267
1669649529901	Marionette	WARN	TLS certificate errors will be ignored for this session
1669649531810	Marionette	INFO	Stopped listening on port 65267

###!!! [Child][MessageChannel::SendAndWait] Error: Channel error: cannot send/recv

1669649548972	geckodriver	INFO	Listening on 127.0.0.1:65343
1669649552029	mozrunner::runner	INFO	Running command: "C:\\Program Files\\Mozilla Firefox\\firefox.exe" "--marionette" "-foreground" "-no-remote" "-profile" "C:\\Users\\drago\\AppData\\Local\\Temp\\rust_mozprofile20LW5z"
console.error: SearchCache: "_readCacheFile: Error reading cache file:" (new Error("", "(unknown module)"))
JavaScript error: resource://gre/modules/XULStore.jsm, line 66: Error: Can't find profile directory.
1669649553232	Marionette	INFO	Listening on port 65352
1669649553564	Marionette	WARN	TLS certificate errors will be ignored for this session
1669649555583	Marionette	INFO	Stopped listening on port 65352

###!!! [Child][RunMessage] Error: Channel closing: too late to send/recv, messages will be lost


###!!! [Child][MessageChannel::SendAndWait] Error: Channel error: cannot send/recv

